This is pdfTeX, Version 3.141592653-2.6-1.40.24 (TeX Live 2022/Debian) (preloaded format=pdflatex 2023.4.9)  20 APR 2023 12:57
entering extended mode
 restricted \write18 enabled.
 %&-line parsing enabled.
**10751746.tex
(./10751746.tex
LaTeX2e <2022-11-01> patch level 1
L3 programming layer <2023-01-16>
(/usr/share/texlive/texmf-dist/tex/latex/base/article.cls
Document Class: article 2022/07/02 v1.4n Standard LaTeX document class
(/usr/share/texlive/texmf-dist/tex/latex/base/size10.clo
File: size10.clo 2022/07/02 v1.4n Standard LaTeX file (size option)
)
\c@part=\count185
\c@section=\count186
\c@subsection=\count187
\c@subsubsection=\count188
\c@paragraph=\count189
\c@subparagraph=\count190
\c@figure=\count191
\c@table=\count192
\abovecaptionskip=\skip48
\belowcaptionskip=\skip49
\bibindent=\dimen140
)
(/usr/share/texlive/texmf-dist/tex/latex/graphics/graphicx.sty
Package: graphicx 2021/09/16 v1.2d Enhanced LaTeX Graphics (DPC,SPQR)

(/usr/share/texlive/texmf-dist/tex/latex/graphics/keyval.sty
Package: keyval 2022/05/29 v1.15 key=value parser (DPC)
\KV@toks@=\toks16
)
(/usr/share/texlive/texmf-dist/tex/latex/graphics/graphics.sty
Package: graphics 2022/03/10 v1.4e Standard LaTeX Graphics (DPC,SPQR)

(/usr/share/texlive/texmf-dist/tex/latex/graphics/trig.sty
Package: trig 2021/08/11 v1.11 sin cos tan (DPC)
)
(/usr/share/texlive/texmf-dist/tex/latex/graphics-cfg/graphics.cfg
File: graphics.cfg 2016/06/04 v1.11 sample graphics configuration
)
Package graphics Info: Driver file: pdftex.def on input line 107.

(/usr/share/texlive/texmf-dist/tex/latex/graphics-def/pdftex.def
File: pdftex.def 2022/09/22 v1.2b Graphics/color driver for pdftex
))
\Gin@req@height=\dimen141
\Gin@req@width=\dimen142
)
(/usr/share/texlive/texmf-dist/tex/latex/wrapfig/wrapfig.sty
\wrapoverhang=\dimen143
\WF@size=\dimen144
\c@WF@wrappedlines=\count193
\WF@box=\box51
\WF@everypar=\toks17
Package: wrapfig 2003/01/31  v 3.6
)
(/usr/share/texlive/texmf-dist/tex/latex/l3backend/l3backend-pdftex.def
File: l3backend-pdftex.def 2023-01-16 L3 backend support: PDF output (pdfTeX)
\l__color_backend_stack_int=\count194
\l__pdf_internal_box=\box52
)
(./10751746.aux)
\openout1 = `10751746.aux'.

LaTeX Font Info:    Checking defaults for OML/cmm/m/it on input line 11.
LaTeX Font Info:    ... okay on input line 11.
LaTeX Font Info:    Checking defaults for OMS/cmsy/m/n on input line 11.
LaTeX Font Info:    ... okay on input line 11.
LaTeX Font Info:    Checking defaults for OT1/cmr/m/n on input line 11.
LaTeX Font Info:    ... okay on input line 11.
LaTeX Font Info:    Checking defaults for T1/cmr/m/n on input line 11.
LaTeX Font Info:    ... okay on input line 11.
LaTeX Font Info:    Checking defaults for TS1/cmr/m/n on input line 11.
LaTeX Font Info:    ... okay on input line 11.
LaTeX Font Info:    Checking defaults for OMX/cmex/m/n on input line 11.
LaTeX Font Info:    ... okay on input line 11.
LaTeX Font Info:    Checking defaults for U/cmr/m/n on input line 11.
LaTeX Font Info:    ... okay on input line 11.

(/usr/share/texlive/texmf-dist/tex/context/base/mkii/supp-pdf.mkii
[Loading MPS to PDF converter (version 2006.09.02).]
\scratchcounter=\count195
\scratchdimen=\dimen145
\scratchbox=\box53
\nofMPsegments=\count196
\nofMParguments=\count197
\everyMPshowfont=\toks18
\MPscratchCnt=\count198
\MPscratchDim=\dimen146
\MPnumerator=\count199
\makeMPintoPDFobject=\count266
\everyMPtoPDFconversion=\toks19
) (/usr/share/texlive/texmf-dist/tex/latex/epstopdf-pkg/epstopdf-base.sty
Package: epstopdf-base 2020-01-24 v2.11 Base part for package epstopdf
Package epstopdf-base Info: Redefining graphics rule for `.eps' on input line 4
85.

(/usr/share/texlive/texmf-dist/tex/latex/latexconfig/epstopdf-sys.cfg
File: epstopdf-sys.cfg 2010/07/13 v1.3 Configuration of (r)epstopdf for TeX Liv
e
))
LaTeX Font Info:    External font `cmex10' loaded for size
(Font)              <12> on input line 12.
LaTeX Font Info:    External font `cmex10' loaded for size
(Font)              <8> on input line 12.
LaTeX Font Info:    External font `cmex10' loaded for size
(Font)              <6> on input line 12.

[1

{/var/lib/texmf/fonts/map/pdftex/updmap/pdftex.map}]
Underfull \hbox (badness 10000) in paragraph at lines 16--19

 []

<./Images//IntroductionSchematics.drawio.png, id=10, 453.695pt x 282.05376pt>
File: ./Images//IntroductionSchematics.drawio.png Graphic file (type png)
<use ./Images//IntroductionSchematics.drawio.png>
Package pdftex.def Info: ./Images//IntroductionSchematics.drawio.png  used on i
nput line 36.
(pdftex.def)             Requested size: 155.24895pt x 96.51244pt.
LaTeX Font Info:    External font `cmex10' loaded for size
(Font)              <7> on input line 42.
LaTeX Font Info:    External font `cmex10' loaded for size
(Font)              <5> on input line 42.

Underfull \hbox (badness 1360) in paragraph at lines 40--48
\OT1/cmr/m/n/10 gresso: a se-guito dei due bit di
 []


Underfull \hbox (badness 3396) in paragraph at lines 40--48
\OT1/cmr/m/n/10 in-tes-tazione, dovr^^Ra, nat-u-ral-mente,
 []


Underfull \hbox (badness 3492) in paragraph at lines 40--48
\OT1/cmr/m/n/10 seguire un in-d-i-rizzo di memo-ria.
 []


Underfull \hbox (badness 4144) in paragraph at lines 40--48
\OT1/cmr/m/n/10 Quest'ultimo, tut-tavia, avr^^Ra una
 []

[2 <./Images//IntroductionSchematics.drawio.png>]
Underfull \hbox (badness 10000) in paragraph at lines 63--65

 []

<./Images//ModulosSchematics.drawio.png, id=20, 600.2425pt x 378.41376pt>
File: ./Images//ModulosSchematics.drawio.png Graphic file (type png)
<use ./Images//ModulosSchematics.drawio.png>
Package pdftex.def Info: ./Images//ModulosSchematics.drawio.png  used on input 
line 71.
(pdftex.def)             Requested size: 258.75pt x 163.13048pt.

Underfull \hbox (badness 10000) in paragraph at lines 66--76

 []

<./Images//InputAndAddressModule.drawio.png, id=21, 437.635pt x 322.20375pt>
File: ./Images//InputAndAddressModule.drawio.png Graphic file (type png)
<use ./Images//InputAndAddressModule.drawio.png>
Package pdftex.def Info: ./Images//InputAndAddressModule.drawio.png  used on in
put line 87.
(pdftex.def)             Requested size: 207.0021pt x 152.40431pt.
[3 <./Images//ModulosSchematics.drawio.png>] [4 <./Images//InputAndAddressModul
e.drawio.png>]
<./Images//OutputModule.drawio.png, id=31, 733.74126pt x 713.66624pt>
File: ./Images//OutputModule.drawio.png Graphic file (type png)
<use ./Images//OutputModule.drawio.png>
Package pdftex.def Info: ./Images//OutputModule.drawio.png  used on input line 
126.
(pdftex.def)             Requested size: 258.75pt x 251.67084pt.

Underfull \hbox (badness 10000) in paragraph at lines 131--136

 []

[5 <./Images//OutputModule.drawio.png>]
<./Images//FullSchematics.drawio.png, id=36, 1165.35374pt x 713.66624pt>
File: ./Images//FullSchematics.drawio.png Graphic file (type png)
<use ./Images//FullSchematics.drawio.png>
Package pdftex.def Info: ./Images//FullSchematics.drawio.png  used on input lin
e 142.
(pdftex.def)             Requested size: 345.0pt x 211.2702pt.
<./Images//FiniteStateMachine.drawio.png, id=37, 1433.355pt x 302.12875pt>
File: ./Images//FiniteStateMachine.drawio.png Graphic file (type png)
<use ./Images//FiniteStateMachine.drawio.png>
Package pdftex.def Info: ./Images//FiniteStateMachine.drawio.png  used on input
 line 168.
(pdftex.def)             Requested size: 345.0pt x 72.71983pt.

Underfull \hbox (badness 10000) in paragraph at lines 164--173

 []

[6 <./Images//FullSchematics.drawio.png>] [7 <./Images//FiniteStateMachine.draw
io.png>]
Overfull \hbox (2.22282pt too wide) in paragraph at lines 214--217
\OT1/cmr/m/n/10 Ogni organo di memo-ria ^^Re stato re-al-iz-zato pren-dendo com
e rifer-i-mento il seguente
 []

[8]
Overfull \hbox (1.65378pt too wide) in paragraph at lines 263--265
\OT1/cmr/m/n/10 La sim-u-lazione dei test-bench, sia di tipo \OT1/cmr/m/it/10 b
e-hav-ioral \OT1/cmr/m/n/10 che \OT1/cmr/m/it/10 post-synthesis \OT1/cmr/m/n/10
 ^^Re avvenuta
 []

[9] [10] (./10751746.aux)

LaTeX Warning: Label(s) may have changed. Rerun to get cross-references right.

 ) 
Here is how much of TeX's memory you used:
 1483 strings out of 478051
 25810 string characters out of 5840944
 1857330 words of memory out of 5000000
 21632 multiletter control sequences out of 15000+600000
 518045 words of font info for 51 fonts, out of 8000000 for 9000
 14 hyphenation exceptions out of 8191
 57i,7n,62p,233b,241s stack positions out of 10000i,1000n,20000p,200000b,200000s
 </home/afni/.texlive2022/texmf-var/fonts/pk/ljfour/jknappen/ec/tcrm1000.600p
k></usr/share/texlive/texmf-dist/fonts/type1/public/amsfonts/cm/cmbx10.pfb></us
r/share/texlive/texmf-dist/fonts/type1/public/amsfonts/cm/cmbx12.pfb></usr/shar
e/texlive/texmf-dist/fonts/type1/public/amsfonts/cm/cmmi10.pfb></usr/share/texl
ive/texmf-dist/fonts/type1/public/amsfonts/cm/cmr10.pfb></usr/share/texlive/tex
mf-dist/fonts/type1/public/amsfonts/cm/cmr12.pfb></usr/share/texlive/texmf-dist
/fonts/type1/public/amsfonts/cm/cmsy10.pfb></usr/share/texlive/texmf-dist/fonts
/type1/public/amsfonts/cm/cmti10.pfb></usr/share/texlive/texmf-dist/fonts/type1
/public/amsfonts/cm/cmti12.pfb></usr/share/texlive/texmf-dist/fonts/type1/publi
c/amsfonts/cm/cmtt10.pfb>
Output written on 10751746.pdf (10 pages, 300955 bytes).
PDF statistics:
 100 PDF objects out of 1000 (max. 8388607)
 56 compressed objects within 1 object stream
 0 named destinations out of 1000 (max. 500000)
 31 words of extra memory for PDF output out of 10000 (max. 10000000)

